#
# There is insufficient memory for the Java Runtime Environment to continue.
# Native memory allocation (mmap) failed to map 134217728 bytes for Failed to commit area from 0x0000000080800000 to 0x0000000088800000 of length 134217728.
# Possible reasons:
#   The system is out of physical RAM or swap space
#   The process is running with CompressedOops enabled, and the Java Heap may be blocking the growth of the native heap
# Possible solutions:
#   Reduce memory load on the system
#   Increase physical memory or swap space
#   Check if swap backing store is full
#   Decrease Java heap size (-Xmx/-Xms)
#   Decrease number of Java threads
#   Decrease Java thread stack sizes (-Xss)
#   Set larger code cache with -XX:ReservedCodeCacheSize=
# This output file may be truncated or incomplete.
#
#  Out of Memory Error (src/hotspot/os/windows/os_windows.cpp:3627), pid=2032, tid=14108
#
# JRE version:  (11.0.15+10) (build )
# Java VM: OpenJDK 64-Bit Server VM (11.0.15+10-b2043.56, mixed mode, sharing, tiered, compressed oops, g1 gc, windows-amd64)
# No core dump will be written. Minidumps are not enabled by default on client versions of Windows
#

---------------  S U M M A R Y ------------

Command Line: git4idea.http.GitAskPassApp Password for 'https://MrKolia1-1@github.com': 

Host: Intel(R) Pentium(R) CPU G4620 @ 3.70GHz, 4 cores, 7G,  Windows 10 , 64 bit Build 19041 (10.0.19041.1741)
Time: Sun Jul  3 19:20:06 2022 RTZ 2 (s 10 , 64 bit Build 19041 (10.0.19041.1741) elapsed time: 0.033365 seconds (0d 0h 0m 0s)

---------------  T H R E A D  ---------------

Current thread (0x000001fa6977b000):  JavaThread "Unknown thread" [_thread_in_vm, id=14108, stack(0x000000c8eb300000,0x000000c8eb400000)]

Stack: [0x000000c8eb300000,0x000000c8eb400000]
Native frames: (J=compiled Java code, j=interpreted, Vv=VM code, C=native code)
V  [jvm.dll+0x61612a]
V  [jvm.dll+0x79c450]
V  [jvm.dll+0x79da6d]
V  [jvm.dll+0x79e143]
V  [jvm.dll+0x24cc18]
V  [jvm.dll+0x613174]
V  [jvm.dll+0x607e55]
V  [jvm.dll+0x30b1cb]
V  [jvm.dll+0x30b13a]
V  [jvm.dll+0x30b012]
V  [jvm.dll+0x30ff76]
V  [jvm.dll+0x35b4c3]
V  [jvm.dll+0x35bbc6]
V  [jvm.dll+0x35b5c3]
V  [jvm.dll+0x2e5918]
V  [jvm.dll+0x2e6ab7]
V  [jvm.dll+0x7794f7]
V  [jvm.dll+0x77acec]
V  [jvm.dll+0x368a59]
V  [jvm.dll+0x75ce8e]
V  [jvm.dll+0x3d6a33]
V  [jvm.dll+0x3d9001]
C  [jli.dll+0x536b]
C  [ucrtbase.dll+0x21bb2]
C  [KERNEL32.DLL+0x17034]
C  [ntdll.dll+0x52651]


---------------  P R O C E S S  ---------------

Threads class SMR info:
_java_thread_list=0x000001fa67e70050, length=0, elements={
}

Java Threads: ( => current thread )

Other Threads:
  0x000001fa69794000 GCTaskThread "GC Thread#0" [stack: 0x000000c8eb400000,0x000000c8eb500000] [id=4736]
  0x000001fa697c5000 ConcurrentGCThread "G1 Main Marker" [stack: 0x000000c8eb500000,0x000000c8eb600000] [id=6372]
  0x000001fa697c6800 ConcurrentGCThread "G1 Conc#0" [stack: 0x000000c8eb600000,0x000000c8eb700000] [id=5032]

[error occurred during error reporting (printing all threads), id 0xc0000005, EXCEPTION_ACCESS_VIOLATION (0xc0000005) at pc=0x00007ffa3cfe6017]

VM state:not at safepoint (not fully initialized)

VM Mutex/Monitor currently owned by a thread:  ([mutex/lock_event])
[0x000001fa69776eb0] Heap_lock - owner thread: 0x000001fa6977b000

Heap address: 0x0000000080800000, size: 2040 MB, Compressed Oops mode: Non-zero based: 0x0000000080800000
Narrow klass base: 0x0000000000000000, Narrow klass shift: 0

GC Heap History (0 events):
No events

Deoptimization events (0 events):
No events

Classes redefined (0 events):
No events

Internal exceptions (0 events):
No events

Events (1 events):
Event: 0.010 Loaded shared library C:\Program Files\JetBrains\IntelliJ IDEA 2022.1.3\jbr\bin\zip.dll


Dynamic libraries:
0x00007ff6f5e80000 - 0x00007ff6f5e8a000 	C:\Program Files\JetBrains\IntelliJ IDEA 2022.1.3\jbr\bin\java.exe
0x00007ffa66a90000 - 0x00007ffa66c87000 	C:\Windows\SYSTEM32\ntdll.dll
0x00007ffa65210000 - 0x00007ffa652cd000 	C:\Windows\System32\KERNEL32.DLL
0x00007ffa644d0000 - 0x00007ffa6479d000 	C:\Windows\System32\KERNELBASE.dll
0x00007ffa643a0000 - 0x00007ffa644a0000 	C:\Windows\System32\ucrtbase.dll
0x00007ffa58570000 - 0x00007ffa58589000 	C:\Program Files\JetBrains\IntelliJ IDEA 2022.1.3\jbr\bin\jli.dll
0x00007ffa665e0000 - 0x00007ffa66780000 	C:\Windows\System32\USER32.dll
0x00007ffa648b0000 - 0x00007ffa648d2000 	C:\Windows\System32\win32u.dll
0x00007ffa653a0000 - 0x00007ffa653ca000 	C:\Windows\System32\GDI32.dll
0x00007ffa647a0000 - 0x00007ffa648ab000 	C:\Windows\System32\gdi32full.dll
0x00007ffa641b0000 - 0x00007ffa6424d000 	C:\Windows\System32\msvcp_win.dll
0x00007ffa58470000 - 0x00007ffa58486000 	C:\Program Files\JetBrains\IntelliJ IDEA 2022.1.3\jbr\bin\VCRUNTIME140.dll
0x00007ffa588f0000 - 0x00007ffa58b8a000 	C:\Windows\WinSxS\amd64_microsoft.windows.common-controls_6595b64144ccf1df_6.0.19041.1110_none_60b5254171f9507e\COMCTL32.dll
0x00007ffa652d0000 - 0x00007ffa6536e000 	C:\Windows\System32\msvcrt.dll
0x00007ffa65370000 - 0x00007ffa653a0000 	C:\Windows\System32\IMM32.DLL
0x00007ffa42cc0000 - 0x00007ffa42d6a000 	C:\Program Files\JetBrains\IntelliJ IDEA 2022.1.3\jbr\bin\msvcp140.dll
0x00007ffa3ccf0000 - 0x00007ffa3d86b000 	C:\Program Files\JetBrains\IntelliJ IDEA 2022.1.3\jbr\bin\server\jvm.dll
0x00007ffa66420000 - 0x00007ffa664ce000 	C:\Windows\System32\ADVAPI32.dll
0x00007ffa65920000 - 0x00007ffa659bc000 	C:\Windows\System32\sechost.dll
0x00007ffa66210000 - 0x00007ffa66335000 	C:\Windows\System32\RPCRT4.dll
0x00007ffa664d0000 - 0x00007ffa664d8000 	C:\Windows\System32\PSAPI.DLL
0x00007ffa5fd70000 - 0x00007ffa5fd79000 	C:\Windows\SYSTEM32\WSOCK32.dll
0x00007ffa66570000 - 0x00007ffa665db000 	C:\Windows\System32\WS2_32.dll
0x00007ffa5c360000 - 0x00007ffa5c387000 	C:\Windows\SYSTEM32\WINMM.dll
0x00007ffa5dd70000 - 0x00007ffa5dd7a000 	C:\Windows\SYSTEM32\VERSION.dll
0x00007ffa620d0000 - 0x00007ffa620e2000 	C:\Windows\SYSTEM32\kernel.appcore.dll
0x00007ffa60020000 - 0x00007ffa60031000 	C:\Program Files\JetBrains\IntelliJ IDEA 2022.1.3\jbr\bin\verify.dll
0x00007ffa5e8c0000 - 0x00007ffa5eaa4000 	C:\Windows\SYSTEM32\DBGHELP.DLL
0x00007ffa570f0000 - 0x00007ffa5711c000 	C:\Windows\SYSTEM32\dbgcore.DLL
0x00007ffa64310000 - 0x00007ffa64392000 	C:\Windows\System32\bcryptPrimitives.dll
0x00007ffa55ef0000 - 0x00007ffa55f19000 	C:\Program Files\JetBrains\IntelliJ IDEA 2022.1.3\jbr\bin\java.dll
0x00007ffa5fd60000 - 0x00007ffa5fd6b000 	C:\Program Files\JetBrains\IntelliJ IDEA 2022.1.3\jbr\bin\jimage.dll
0x00007ffa58450000 - 0x00007ffa58469000 	C:\Program Files\JetBrains\IntelliJ IDEA 2022.1.3\jbr\bin\zip.dll

dbghelp: loaded successfully - version: 4.0.5 - missing functions: none
symbol engine: initialized successfully - sym options: 0x614 - pdb path: .;C:\Program Files\JetBrains\IntelliJ IDEA 2022.1.3\jbr\bin;C:\Windows\SYSTEM32;C:\Windows\WinSxS\amd64_microsoft.windows.common-controls_6595b64144ccf1df_6.0.19041.1110_none_60b5254171f9507e;C:\Program Files\JetBrains\IntelliJ IDEA 2022.1.3\jbr\bin\server

VM Arguments:
java_command: git4idea.http.GitAskPassApp Password for 'https://MrKolia1-1@github.com': 
java_class_path (initial): C:/Program Files/JetBrains/IntelliJ IDEA 2022.1.3/plugins/git4idea/lib/git4idea-rt.jar;C:/Program Files/JetBrains/IntelliJ IDEA 2022.1.3/lib/externalProcess-rt.jar;C:/Program Files/JetBrains/IntelliJ IDEA 2022.1.3/lib/app.jar;C:/Program Files/JetBrains/IntelliJ IDEA 2022.1.3/lib/3rd-party-rt.jar
Launcher Type: SUN_STANDARD

[Global flags]
     intx CICompilerCount                          = 3                                         {product} {ergonomic}
     uint ConcGCThreads                            = 1                                         {product} {ergonomic}
     uint G1ConcRefinementThreads                  = 4                                         {product} {ergonomic}
   size_t G1HeapRegionSize                         = 1048576                                   {product} {ergonomic}
    uintx GCDrainStackTargetSize                   = 64                                        {product} {ergonomic}
   size_t InitialHeapSize                          = 134217728                                 {product} {ergonomic}
   size_t MarkStackSize                            = 4194304                                   {product} {ergonomic}
   size_t MaxHeapSize                              = 2139095040                                {product} {ergonomic}
   size_t MinHeapDeltaBytes                        = 1048576                                   {product} {ergonomic}
    uintx NonNMethodCodeHeapSize                   = 5830732                                {pd product} {ergonomic}
    uintx NonProfiledCodeHeapSize                  = 122913754                              {pd product} {ergonomic}
    uintx ProfiledCodeHeapSize                     = 122913754                              {pd product} {ergonomic}
    uintx ReservedCodeCacheSize                    = 251658240                              {pd product} {ergonomic}
     bool SegmentedCodeCache                       = true                                      {product} {ergonomic}
     bool UseCompressedClassPointers               = true                                 {lp64_product} {ergonomic}
     bool UseCompressedOops                        = true                                 {lp64_product} {ergonomic}
     bool UseG1GC                                  = true                                      {product} {ergonomic}
     bool UseLargePagesIndividualAllocation        = false                                  {pd product} {ergonomic}

Logging:
Log output configuration:
 #0: stdout all=warning uptime,level,tags
 #1: stderr all=off uptime,level,tags

Environment Variables:
PATH=C:\Program Files\Git\mingw64\libexec\git-core;C:\Program Files\Git\mingw64\libexec\git-core;C:\Program Files\Git\mingw64\bin;C:\Program Files\Git\usr\bin;C:\Users\admin\bin;C:\Program Files\Common Files\Oracle\Java\javapath;C:\ProgramData\Oracle\Java\javapath;C:\Windows\system32;C:\Windows;C:\Windows\System32\Wbem;C:\Windows\System32\WindowsPowerShell\v1.0;C:\Windows\System32\OpenSSH;C:\Program Files\Git\cmd;C:\Users\admin\AppData\Local\Microsoft\WindowsApps
USERNAME=admin
DISPLAY=:0.0
LC_ALL=en_US.UTF-8
OS=Windows_NT
PROCESSOR_IDENTIFIER=Intel64 Family 6 Model 158 Stepping 9, GenuineIntel



---------------  S Y S T E M  ---------------

OS: Windows 10 , 64 bit Build 19041 (10.0.19041.1741)
OS uptime: 0 days 5:02 hours

CPU:total 4 (initial active 4) (2 cores per cpu, 2 threads per core) family 6 model 158 stepping 9 microcode 0xb4, cmov, cx8, fxsr, mmx, sse, sse2, sse3, ssse3, sse4.1, sse4.2, popcnt, aes, clmul, erms, 3dnowpref, lzcnt, ht, tsc, tscinvbit

Memory: 4k page, system-wide physical 8156M (2604M free)
TotalPageFile size 23338M (AvailPageFile size 133M)
current process WorkingSet (physical memory assigned to process): 9M, peak: 9M
current process commit charge ("private bytes"): 51M, peak: 179M

vm_info: OpenJDK 64-Bit Server VM (11.0.15+10-b2043.56) for windows-amd64 JRE (11.0.15+10-b2043.56), built on May 16 2022 02:28:12 by "" with MS VC++ 14.0 (VS2015)

END.
